<?xml version="1.0" encoding="UTF-8"?>
<!-- Generated by org.testng.reporters.JUnitReportReporter -->
<testsuite hostname="TL0017" failures="0" tests="1" name="com.leafBot.testcases.TC001_LoginLogOut" time="9.515" errors="0" timestamp="2022-11-20T12:13:59 IST" skipped="0">
  <testcase classname="com.leafBot.testcases.TC001_LoginLogOut" name="createLeaf" time="9.515"/>
  <system-out/>
</testsuite> <!-- com.leafBot.testcases.TC001_LoginLogOut -->
