<?xml version="1.0" encoding="UTF-8"?>
<!-- Generated by org.testng.reporters.JUnitReportReporter -->
<testsuite hostname="MSI" failures="0" tests="2" name="testcases.DeleteLeadTC" time="117.850" errors="0" timestamp="2023-01-27T14:33:56 IST" skipped="0">
  <testcase classname="testcases.DeleteLeadTC" name="runDeleteTC" time="58.317"/>
  <system-out/>
  <testcase classname="testcases.DeleteLeadTC" name="runDeleteTC" time="59.533"/>
  <system-out/>
</testsuite> <!-- testcases.DeleteLeadTC -->
