<?xml version="1.0" encoding="UTF-8"?>
<!-- Generated by org.testng.reporters.JUnitReportReporter -->
<testsuite hostname="MSI" failures="0" tests="1" name="testcases.MergeContactsTC" time="54.819" errors="0" timestamp="2023-01-28T17:29:40 IST" skipped="0">
  <testcase classname="testcases.MergeContactsTC" name="runEditLead" time="54.819"/>
  <system-out/>
</testsuite> <!-- testcases.MergeContactsTC -->
