<?xml version="1.0" encoding="UTF-8"?>
<!-- Generated by org.testng.reporters.JUnitReportReporter -->
<testsuite hostname="MSI" failures="0" tests="2" name="testcases.CreateLeadTC" time="125.797" errors="0" timestamp="2023-01-27T00:52:17 IST" skipped="0">
  <testcase classname="testcases.CreateLeadTC" name="runCreateLead" time="61.203"/>
  <system-out/>
  <testcase classname="testcases.CreateLeadTC" name="runCreateLead" time="64.594"/>
  <system-out/>
</testsuite> <!-- testcases.CreateLeadTC -->
