<?xml version="1.0" encoding="UTF-8"?>
<!-- Generated by org.testng.reporters.JUnitReportReporter -->
<testsuite hostname="MSI" failures="0" tests="1" name="testcases.LoginTC" time="25.909" errors="0" timestamp="2023-01-28T17:29:40 IST" skipped="0">
  <testcase classname="testcases.LoginTC" name="runLogin" time="25.909"/>
  <system-out/>
</testsuite> <!-- testcases.LoginTC -->
