<?xml version="1.0" encoding="UTF-8"?>
<!-- Generated by org.testng.reporters.JUnitReportReporter -->
<testsuite hostname="MSI" failures="0" tests="2" name="testcases.EditLeadTC" time="101.781" errors="0" timestamp="2023-01-27T00:52:17 IST" skipped="0">
  <testcase classname="testcases.EditLeadTC" name="runEditLead" time="52.369"/>
  <system-out/>
  <testcase classname="testcases.EditLeadTC" name="runEditLead" time="49.412"/>
  <system-out/>
</testsuite> <!-- testcases.EditLeadTC -->
